<?xml version="1.0" encoding="UTF-8"?>
<!-- Generated by org.testng.reporters.JUnitXMLReporter -->
<testsuite hostname="hp-PC" ignored="0" name="Default test" tests="3" failures="0" timestamp="27 Jul 2020 06:33:06 GMT" time="10.36" errors="0">
  <testcase name="HomeTest" time="0.016" classname="com.TestCase.HomeTest"/>
  <testcase name="Login_Details" time="9.449" classname="com.TestCase.LoginTest"/>
  <testcase name="checktitle" time="0.829" classname="com.TestCase.LoginTest"/>
</testsuite> <!-- Default test -->
