<?xml version="1.0" encoding="UTF-8"?>
<!-- Generated by org.testng.reporters.JUnitXMLReporter -->
<testsuite hostname="hp-PC" ignored="0" name="Test" tests="3" failures="0" timestamp="30 Jul 2020 13:31:19 GMT" time="33.648" errors="0">
  <testcase name="checktitle" time="0.121" classname="com.TestCase.LoginTest"/>
  <testcase name="Login_Details" time="21.054" classname="com.TestCase.LoginTest"/>
  <testcase name="Logout" time="11.956" classname="com.TestCase.HomeTest"/>
</testsuite> <!-- Test -->
