<?xml version="1.0" encoding="UTF-8"?>
<!-- Generated by org.testng.reporters.JUnitXMLReporter -->
<testsuite hostname="hp-PC" ignored="0" name="Test" tests="3" failures="0" timestamp="21 Aug 2020 05:42:38 GMT" time="38.305" errors="0">
  <testcase name="checktitle" time="0.206" classname="com.TestCase.LoginTest"/>
  <testcase name="Login_Details" time="34.002" classname="com.TestCase.LoginTest"/>
  <testcase name="Logout" time="2.849" classname="com.TestCase.HomeTest"/>
</testsuite> <!-- Test -->
